<?xml version="1.0" encoding="UTF-8"?>
<!-- Generated by org.testng.reporters.JUnitReportReporter -->
<testsuite hostname="DESKTOP-0I5FA5F" failures="0" tests="5" name="FinalExam.FinalDDT" time="45.573" errors="0" timestamp="2024-10-30T17:00:58 EDT" skipped="0">
  <testcase classname="FinalExam.FinalDDT" name="Table1" time="9.907"/>
  <testcase classname="FinalExam.FinalDDT" name="Table2" time="8.817"/>
  <testcase classname="FinalExam.FinalDDT" name="Table3" time="8.866"/>
  <testcase classname="FinalExam.FinalDDT" name="Table4" time="9.092"/>
  <testcase classname="FinalExam.FinalDDT" name="Table5" time="8.891"/>
</testsuite> <!-- FinalExam.FinalDDT -->
