<?xml version="1.0" encoding="UTF-8"?>
<!-- Generated by org.testng.reporters.JUnitReportReporter -->
<testsuite hostname="DESKTOP-0I5FA5F" failures="0" tests="4" name="seleniumHomework.LoginTest" time="22.235" errors="0" timestamp="2024-10-08T13:20:14 EDT" skipped="0">
  <testcase classname="seleniumHomework.LoginTest" name="Testcase3" time="4.395"/>
  <testcase classname="seleniumHomework.LoginTest" name="Testcase4" time="9.267"/>
  <testcase classname="seleniumHomework.LoginTest" name="Testcase2" time="4.137"/>
  <testcase classname="seleniumHomework.LoginTest" name="Testcase1" time="4.436"/>
</testsuite> <!-- seleniumHomework.LoginTest -->
