<?xml version="1.0" encoding="UTF-8"?>
<!-- Generated by org.testng.reporters.JUnitReportReporter -->
<testsuite hostname="DESKTOP-0I5FA5F" failures="0" tests="3" name="SeleniumAssignment2.TestTable" time="8.557" errors="0" timestamp="2024-10-14T23:04:42 EDT" skipped="0">
  <testcase classname="SeleniumAssignment2.TestTable" name="WebTable2" time="0.179"/>
  <testcase classname="SeleniumAssignment2.TestTable" name="WebTable3" time="8.202"/>
  <testcase classname="SeleniumAssignment2.TestTable" name="WebTable1" time="0.176"/>
</testsuite> <!-- SeleniumAssignment2.TestTable -->
