<?xml version="1.0" encoding="UTF-8"?>
<!-- Generated by org.testng.reporters.JUnitReportReporter -->
<testsuite hostname="DESKTOP-0I5FA5F" failures="0" tests="1" name="seleniumAssignment3.NewTest" time="10.796" errors="0" timestamp="2024-10-23T15:15:49 EDT" skipped="0">
  <testcase classname="seleniumAssignment3.NewTest" name="f" time="10.796"/>
</testsuite> <!-- seleniumAssignment3.NewTest -->
