<?xml version="1.0" encoding="UTF-8"?>
<!-- Generated by org.testng.reporters.JUnitReportReporter -->
<testsuite hostname="DESKTOP-0I5FA5F" failures="0" tests="5" name="FinalExam.FinalDDT" time="46.765" errors="0" timestamp="2024-10-30T17:17:18 EDT" skipped="0">
  <testcase classname="FinalExam.FinalDDT" name="Table1" time="9.748"/>
  <testcase classname="FinalExam.FinalDDT" name="Table2" time="9.227"/>
  <testcase classname="FinalExam.FinalDDT" name="Table3" time="9.131"/>
  <testcase classname="FinalExam.FinalDDT" name="Table4" time="9.312"/>
  <testcase classname="FinalExam.FinalDDT" name="Table5" time="9.347"/>
</testsuite> <!-- FinalExam.FinalDDT -->
