<?xml version="1.0" encoding="UTF-8"?>
<!-- Generated by org.testng.reporters.JUnitReportReporter -->
<testsuite hostname="DESKTOP-0I5FA5F" failures="0" tests="4" name="seleniumHomework.LoginTestMain" time="25.300" errors="0" timestamp="2024-10-08T13:32:28 EDT" skipped="0">
  <testcase classname="seleniumHomework.LoginTestMain" name="Testcase1" time="4.441"/>
  <testcase classname="seleniumHomework.LoginTestMain" name="Testcase2" time="4.137"/>
  <testcase classname="seleniumHomework.LoginTestMain" name="Testcase4" time="12.281"/>
  <testcase classname="seleniumHomework.LoginTestMain" name="Testcase3" time="4.441"/>
</testsuite> <!-- seleniumHomework.LoginTestMain -->
