<?xml version="1.0" encoding="UTF-8"?>
<!-- Generated by org.testng.reporters.JUnitReportReporter -->
<testsuite hostname="DESKTOP-0I5FA5F" failures="0" tests="3" name="seleniumHomework.NewTestNGTest" time="4.865" errors="0" timestamp="2024-10-08T10:57:39 EDT" skipped="0">
  <testcase classname="seleniumHomework.NewTestNGTest" name="beforeTestTest" time="2.061"/>
  <testcase classname="seleniumHomework.NewTestNGTest" name="f1Test" time="2.793"/>
  <testcase classname="seleniumHomework.NewTestNGTest" name="afterTestTest" time="0.011"/>
</testsuite> <!-- seleniumHomework.NewTestNGTest -->
