<?xml version="1.0" encoding="UTF-8"?>
<!-- Generated by org.testng.reporters.JUnitReportReporter -->
<testsuite hostname="DESKTOP-0I5FA5F" failures="0" tests="2" name="seleniumHomework.NewTestNG" time="0.008" errors="0" timestamp="2024-10-07T16:36:13 EDT" skipped="0">
  <testcase classname="seleniumHomework.NewTestNG" name="f1" time="0.005"/>
  <testcase classname="seleniumHomework.NewTestNG" name="f2" time="0.003"/>
</testsuite> <!-- seleniumHomework.NewTestNG -->
