<?xml version="1.0" encoding="UTF-8"?>
<!-- Generated by org.testng.reporters.JUnitReportReporter -->
<testsuite hostname="DESKTOP-0I5FA5F" failures="0" tests="4" name="seleniumAssignment1.LoginTest" time="25.253" errors="0" timestamp="2024-10-30T03:54:52 EDT" skipped="0">
  <testcase classname="seleniumAssignment1.LoginTest" name="Testcase4" time="12.012"/>
  <testcase classname="seleniumAssignment1.LoginTest" name="Testcase3" time="4.126"/>
  <testcase classname="seleniumAssignment1.LoginTest" name="Testcase1" time="4.982"/>
  <testcase classname="seleniumAssignment1.LoginTest" name="Testcase2" time="4.133"/>
</testsuite> <!-- seleniumAssignment1.LoginTest -->
