<?xml version="1.0" encoding="UTF-8"?>
<!-- Generated by org.testng.reporters.JUnitReportReporter -->
<testsuite hostname="DESKTOP-0I5FA5F" failures="0" tests="5" name="FinalExam.FinalDTT" time="46.043" errors="0" timestamp="2024-10-30T01:30:01 EDT" skipped="0">
  <testcase classname="FinalExam.FinalDTT" name="Table1" time="9.573"/>
  <testcase classname="FinalExam.FinalDTT" name="Table2" time="9.000"/>
  <testcase classname="FinalExam.FinalDTT" name="Table3" time="9.086"/>
  <testcase classname="FinalExam.FinalDTT" name="Table4" time="9.162"/>
  <testcase classname="FinalExam.FinalDTT" name="Table5" time="9.222"/>
</testsuite> <!-- FinalExam.FinalDTT -->
